<?xml version="1.0" encoding="UTF-8"?>
<!-- Generated by org.testng.reporters.JUnitXMLReporter -->
<testsuite ignored="0" hostname="DESKTOP-8REO4R3" failures="0" tests="3" name="Default test" time="3.122" errors="0" timestamp="2022-06-07T16:34:00 IST">
  <testcase classname="files.DynamicJson" name="addBook" time="2.636"/>
  <testcase classname="files.DynamicJson" name="addBook" time="0.223"/>
  <testcase classname="files.DynamicJson" name="addBook" time="0.187"/>
</testsuite> <!-- Default test -->
