<?xml version="1.0" encoding="UTF-8"?>
<testng-results ignored="0" total="3" passed="3" failed="0" skipped="0">
  <reporter-output>
  </reporter-output>
  <suite started-at="2022-06-07T16:33:57 IST" name="Default suite" finished-at="2022-06-07T16:34:00 IST" duration-ms="3122">
    <groups>
    </groups>
    <test started-at="2022-06-07T16:33:57 IST" name="Default test" finished-at="2022-06-07T16:34:00 IST" duration-ms="3122">
      <class name="files.DynamicJson">
        <test-method signature="addBook(java.lang.String,java.lang.String)[pri:0, instance:files.DynamicJson@7a419da4]" started-at="2022-06-07T16:33:57 IST" name="addBook" data-provider="BooksData" finished-at="2022-06-07T16:33:59 IST" duration-ms="2636" status="PASS">
          <params>
            <param index="0">
              <value>
                <![CDATA[jhkl]]>
              </value>
            </param>
            <param index="1">
              <value>
                <![CDATA[123]]>
              </value>
            </param>
          </params>
          <reporter-output>
          </reporter-output>
        </test-method> <!-- addBook -->
        <test-method signature="addBook(java.lang.String,java.lang.String)[pri:0, instance:files.DynamicJson@7a419da4]" started-at="2022-06-07T16:33:59 IST" name="addBook" data-provider="BooksData" finished-at="2022-06-07T16:34:00 IST" duration-ms="223" status="PASS">
          <params>
            <param index="0">
              <value>
                <![CDATA[dhfhg]]>
              </value>
            </param>
            <param index="1">
              <value>
                <![CDATA[43545]]>
              </value>
            </param>
          </params>
          <reporter-output>
          </reporter-output>
        </test-method> <!-- addBook -->
        <test-method signature="addBook(java.lang.String,java.lang.String)[pri:0, instance:files.DynamicJson@7a419da4]" started-at="2022-06-07T16:34:00 IST" name="addBook" data-provider="BooksData" finished-at="2022-06-07T16:34:00 IST" duration-ms="187" status="PASS">
          <params>
            <param index="0">
              <value>
                <![CDATA[lnjkj]]>
              </value>
            </param>
            <param index="1">
              <value>
                <![CDATA[7867]]>
              </value>
            </param>
          </params>
          <reporter-output>
          </reporter-output>
        </test-method> <!-- addBook -->
      </class> <!-- files.DynamicJson -->
    </test> <!-- Default test -->
  </suite> <!-- Default suite -->
</testng-results>
